# JRE version: Java(TM) SE Runtime Environment (8.0_31-b13) (build 1.8.0_31-b13)
# Java VM: Java HotSpot(TM) 64-Bit Server VM (25.31-b07 mixed mode linux-amd64 compressed oops)
Heap:
 PSYoungGen      total 27648K, used 8525K [0x00000000ebb00000, 0x00000000edf00000, 0x0000000100000000)
  eden space 25088K, 23% used [0x00000000ebb00000,0x00000000ec0d3420,0x00000000ed380000)
  from space 2560K, 100% used [0x00000000edc80000,0x00000000edf00000,0x00000000edf00000)
  to   space 2560K, 0% used [0x00000000eda00000,0x00000000eda00000,0x00000000edc80000)
 ParOldGen       total 66048K, used 36502K [0x00000000c3000000, 0x00000000c7080000, 0x00000000ebb00000)
  object space 66048K, 55% used [0x00000000c3000000,0x00000000c53a5bc0,0x00000000c7080000)
 Metaspace       used 7654K, capacity 7808K, committed 8064K, reserved 1056768K
  class space    used 844K, capacity 874K, committed 896K, reserved 1048576K
GC Heap History (10 events):
Event: 9.900 GC heap before
{Heap before GC invocations=1 (full 0):
 PSYoungGen      total 18432K, used 15872K [0x00000000ebb00000, 0x00000000ecf80000, 0x0000000100000000)
  eden space 15872K, 100% used [0x00000000ebb00000,0x00000000eca80000,0x00000000eca80000)
  from space 2560K, 0% used [0x00000000ecd00000,0x00000000ecd00000,0x00000000ecf80000)
  to   space 2560K, 0% used [0x00000000eca80000,0x00000000eca80000,0x00000000ecd00000)
 ParOldGen       total 42496K, used 14404K [0x00000000c3000000, 0x00000000c5980000, 0x00000000ebb00000)
  object space 42496K, 33% used [0x00000000c3000000,0x00000000c3e11180,0x00000000c5980000)
 Metaspace       used 5917K, capacity 5992K, committed 6144K, reserved 1056768K
  class space    used 654K, capacity 694K, committed 768K, reserved 1048576K
Event: 9.905 GC heap after
Heap after GC invocations=1 (full 0):
 PSYoungGen      total 18432K, used 2550K [0x00000000ebb00000, 0x00000000ecf80000, 0x0000000100000000)
  eden space 15872K, 0% used [0x00000000ebb00000,0x00000000ebb00000,0x00000000eca80000)
  from space 2560K, 99% used [0x00000000eca80000,0x00000000eccfd920,0x00000000ecd00000)
  to   space 2560K, 0% used [0x00000000ecd00000,0x00000000ecd00000,0x00000000ecf80000)
 ParOldGen       total 42496K, used 14878K [0x00000000c3000000, 0x00000000c5980000, 0x00000000ebb00000)
  object space 42496K, 35% used [0x00000000c3000000,0x00000000c3e87bb8,0x00000000c5980000)
 Metaspace       used 5917K, capacity 5992K, committed 6144K, reserved 1056768K
  class space    used 654K, capacity 694K, committed 768K, reserved 1048576K
}
Event: 58.506 GC heap before
{Heap before GC invocations=2 (full 0):
 PSYoungGen      total 18432K, used 18232K [0x00000000ebb00000, 0x00000000ecf80000, 0x0000000100000000)
  eden space 15872K, 98% used [0x00000000ebb00000,0x00000000eca50728,0x00000000eca80000)
  from space 2560K, 99% used [0x00000000eca80000,0x00000000eccfd920,0x00000000ecd00000)
  to   space 2560K, 0% used [0x00000000ecd00000,0x00000000ecd00000,0x00000000ecf80000)
 ParOldGen       total 42496K, used 14878K [0x00000000c3000000, 0x00000000c5980000, 0x00000000ebb00000)
  object space 42496K, 35% used [0x00000000c3000000,0x00000000c3e87bb8,0x00000000c5980000)
 Metaspace       used 7644K, capacity 7808K, committed 8064K, reserved 1056768K
  class space    used 844K, capacity 874K, committed 896K, reserved 1048576K
Event: 58.564 GC heap after
Heap after GC invocations=2 (full 0):
 PSYoungGen      total 18432K, used 2540K [0x00000000ebb00000, 0x00000000ecf80000, 0x0000000100000000)
  eden space 15872K, 0% used [0x00000000ebb00000,0x00000000ebb00000,0x00000000eca80000)
  from space 2560K, 99% used [0x00000000ecd00000,0x00000000ecf7b060,0x00000000ecf80000)
  to   space 2560K, 0% used [0x00000000eca80000,0x00000000eca80000,0x00000000ecd00000)
 ParOldGen       total 42496K, used 21716K [0x00000000c3000000, 0x00000000c5980000, 0x00000000ebb00000)
  object space 42496K, 51% used [0x00000000c3000000,0x00000000c45352f0,0x00000000c5980000)
 Metaspace       used 7644K, capacity 7808K, committed 8064K, reserved 1056768K
  class space    used 844K, capacity 874K, committed 896K, reserved 1048576K
}
Event: 58.914 GC heap before
{Heap before GC invocations=3 (full 0):
 PSYoungGen      total 18432K, used 18412K [0x00000000ebb00000, 0x00000000ecf80000, 0x0000000100000000)
  eden space 15872K, 100% used [0x00000000ebb00000,0x00000000eca80000,0x00000000eca80000)
  from space 2560K, 99% used [0x00000000ecd00000,0x00000000ecf7b060,0x00000000ecf80000)
  to   space 2560K, 0% used [0x00000000eca80000,0x00000000eca80000,0x00000000ecd00000)
 ParOldGen       total 42496K, used 21716K [0x00000000c3000000, 0x00000000c5980000, 0x00000000ebb00000)
  object space 42496K, 51% used [0x00000000c3000000,0x00000000c45352f0,0x00000000c5980000)
 Metaspace       used 7653K, capacity 7808K, committed 8064K, reserved 1056768K
  class space    used 844K, capacity 874K, committed 896K, reserved 1048576K
Event: 59.061 GC heap after
Heap after GC invocations=3 (full 0):
 PSYoungGen      total 18432K, used 2544K [0x00000000ebb00000, 0x00000000edf00000, 0x0000000100000000)
  eden space 15872K, 0% used [0x00000000ebb00000,0x00000000ebb00000,0x00000000eca80000)
  from space 2560K, 99% used [0x00000000eca80000,0x00000000eccfc020,0x00000000ecd00000)
  to   space 2560K, 0% used [0x00000000edc80000,0x00000000edc80000,0x00000000edf00000)
 ParOldGen       total 42496K, used 29968K [0x00000000c3000000, 0x00000000c5980000, 0x00000000ebb00000)
  object space 42496K, 70% used [0x00000000c3000000,0x00000000c4d44340,0x00000000c5980000)
 Metaspace       used 7653K, capacity 7808K, committed 8064K, reserved 1056768K
  class space    used 844K, capacity 874K, committed 896K, reserved 1048576K
}
Event: 59.170 GC heap before
{Heap before GC invocations=4 (full 1):
 PSYoungGen      total 18432K, used 2544K [0x00000000ebb00000, 0x00000000edf00000, 0x0000000100000000)
  eden space 15872K, 0% used [0x00000000ebb00000,0x00000000ebb00000,0x00000000eca80000)
  from space 2560K, 99% used [0x00000000eca80000,0x00000000eccfc020,0x00000000ecd00000)
  to   space 2560K, 0% used [0x00000000edc80000,0x00000000edc80000,0x00000000edf00000)
 ParOldGen       total 42496K, used 29968K [0x00000000c3000000, 0x00000000c5980000, 0x00000000ebb00000)
  object space 42496K, 70% used [0x00000000c3000000,0x00000000c4d44340,0x00000000c5980000)
 Metaspace       used 7653K, capacity 7808K, committed 8064K, reserved 1056768K
  class space    used 844K, capacity 874K, committed 896K, reserved 1048576K
Event: 60.023 GC heap after
Heap after GC invocations=4 (full 1):
 PSYoungGen      total 18432K, used 0K [0x00000000ebb00000, 0x00000000edf00000, 0x0000000100000000)
  eden space 15872K, 0% used [0x00000000ebb00000,0x00000000ebb00000,0x00000000eca80000)
  from space 2560K, 0% used [0x00000000eca80000,0x00000000eca80000,0x00000000ecd00000)
  to   space 2560K, 0% used [0x00000000edc80000,0x00000000edc80000,0x00000000edf00000)
 ParOldGen       total 66048K, used 30238K [0x00000000c3000000, 0x00000000c7080000, 0x00000000ebb00000)
  object space 66048K, 45% used [0x00000000c3000000,0x00000000c4d87b90,0x00000000c7080000)
 Metaspace       used 7653K, capacity 7808K, committed 8064K, reserved 1056768K
  class space    used 844K, capacity 874K, committed 896K, reserved 1048576K
}
Event: 60.277 GC heap before
{Heap before GC invocations=5 (full 1):
 PSYoungGen      total 18432K, used 15872K [0x00000000ebb00000, 0x00000000edf00000, 0x0000000100000000)
  eden space 15872K, 100% used [0x00000000ebb00000,0x00000000eca80000,0x00000000eca80000)
  from space 2560K, 0% used [0x00000000eca80000,0x00000000eca80000,0x00000000ecd00000)
  to   space 2560K, 0% used [0x00000000edc80000,0x00000000edc80000,0x00000000edf00000)
 ParOldGen       total 66048K, used 30238K [0x00000000c3000000, 0x00000000c7080000, 0x00000000ebb00000)
  object space 66048K, 45% used [0x00000000c3000000,0x00000000c4d87b90,0x00000000c7080000)
 Metaspace       used 7654K, capacity 7808K, committed 8064K, reserved 1056768K
  class space    used 844K, capacity 874K, committed 896K, reserved 1048576K
Event: 60.290 GC heap after
Heap after GC invocations=5 (full 1):
 PSYoungGen      total 27648K, used 2560K [0x00000000ebb00000, 0x00000000edf00000, 0x0000000100000000)
  eden space 25088K, 0% used [0x00000000ebb00000,0x00000000ebb00000,0x00000000ed380000)
  from space 2560K, 100% used [0x00000000edc80000,0x00000000edf00000,0x00000000edf00000)
  to   space 2560K, 0% used [0x00000000eda00000,0x00000000eda00000,0x00000000edc80000)
 ParOldGen       total 66048K, used 36502K [0x00000000c3000000, 0x00000000c7080000, 0x00000000ebb00000)
  object space 66048K, 55% used [0x00000000c3000000,0x00000000c53a5bc0,0x00000000c7080000)
 Metaspace       used 7654K, capacity 7808K, committed 8064K, reserved 1056768K
  class space    used 844K, capacity 874K, committed 896K, reserved 1048576K
}

