# JRE version: Java(TM) SE Runtime Environment (8.0_31-b13) (build 1.8.0_31-b13)
# Java VM: Java HotSpot(TM) 64-Bit Server VM (25.31-b07 mixed mode linux-amd64 compressed oops)
Heap:
 PSYoungGen      total 201216K, used 76354K [0x00000000ebb00000, 0x0000000100000000, 0x0000000100000000)
  eden space 101376K, 0% used [0x00000000ebb00000,0x00000000ebb00000,0x00000000f1e00000)
  from space 99840K, 76% used [0x00000000f8980000,0x00000000fd4109e0,0x00000000feb00000)
  to   space 110080K, 0% used [0x00000000f1e00000,0x00000000f1e00000,0x00000000f8980000)
 ParOldGen       total 303616K, used 303201K [0x00000000c3000000, 0x00000000d5880000, 0x00000000ebb00000)
  object space 303616K, 99% used [0x00000000c3000000,0x00000000d5818580,0x00000000d5880000)
 Metaspace       used 8479K, capacity 8704K, committed 8960K, reserved 1056768K
  class space    used 908K, capacity 970K, committed 1024K, reserved 1048576K
GC Heap History (10 events):
Event: 38.097 GC heap after
Heap after GC invocations=21 (full 5):
 PSYoungGen      total 143872K, used 0K [0x00000000ebb00000, 0x00000000f9700000, 0x0000000100000000)
  eden space 72704K, 0% used [0x00000000ebb00000,0x00000000ebb00000,0x00000000f0200000)
  from space 71168K, 0% used [0x00000000f5180000,0x00000000f5180000,0x00000000f9700000)
  to   space 76288K, 0% used [0x00000000f0200000,0x00000000f0200000,0x00000000f4c80000)
 ParOldGen       total 287744K, used 179485K [0x00000000c3000000, 0x00000000d4900000, 0x00000000ebb00000)
  object space 287744K, 62% used [0x00000000c3000000,0x00000000cdf474f0,0x00000000d4900000)
 Metaspace       used 8209K, capacity 8416K, committed 8704K, reserved 1056768K
  class space    used 885K, capacity 938K, committed 1024K, reserved 1048576K
}
Event: 39.137 GC heap before
{Heap before GC invocations=22 (full 5):
 PSYoungGen      total 143872K, used 72704K [0x00000000ebb00000, 0x00000000f9700000, 0x0000000100000000)
  eden space 72704K, 100% used [0x00000000ebb00000,0x00000000f0200000,0x00000000f0200000)
  from space 71168K, 0% used [0x00000000f5180000,0x00000000f5180000,0x00000000f9700000)
  to   space 76288K, 0% used [0x00000000f0200000,0x00000000f0200000,0x00000000f4c80000)
 ParOldGen       total 287744K, used 179485K [0x00000000c3000000, 0x00000000d4900000, 0x00000000ebb00000)
  object space 287744K, 62% used [0x00000000c3000000,0x00000000cdf474f0,0x00000000d4900000)
 Metaspace       used 8468K, capacity 8704K, committed 8960K, reserved 1056768K
  class space    used 908K, capacity 970K, committed 1024K, reserved 1048576K
Event: 39.162 GC heap after
Heap after GC invocations=22 (full 5):
 PSYoungGen      total 148992K, used 56216K [0x00000000ebb00000, 0x00000000fb280000, 0x0000000100000000)
  eden space 72704K, 0% used [0x00000000ebb00000,0x00000000ebb00000,0x00000000f0200000)
  from space 76288K, 73% used [0x00000000f0200000,0x00000000f38e6120,0x00000000f4c80000)
  to   space 80384K, 0% used [0x00000000f6400000,0x00000000f6400000,0x00000000fb280000)
 ParOldGen       total 287744K, used 179493K [0x00000000c3000000, 0x00000000d4900000, 0x00000000ebb00000)
  object space 287744K, 62% used [0x00000000c3000000,0x00000000cdf494f0,0x00000000d4900000)
 Metaspace       used 8468K, capacity 8704K, committed 8960K, reserved 1056768K
  class space    used 908K, capacity 970K, committed 1024K, reserved 1048576K
}
Event: 39.691 GC heap before
{Heap before GC invocations=23 (full 5):
 PSYoungGen      total 148992K, used 128873K [0x00000000ebb00000, 0x00000000fb280000, 0x0000000100000000)
  eden space 72704K, 99% used [0x00000000ebb00000,0x00000000f01f43f0,0x00000000f0200000)
  from space 76288K, 73% used [0x00000000f0200000,0x00000000f38e6120,0x00000000f4c80000)
  to   space 80384K, 0% used [0x00000000f6400000,0x00000000f6400000,0x00000000fb280000)
 ParOldGen       total 287744K, used 179493K [0x00000000c3000000, 0x00000000d4900000, 0x00000000ebb00000)
  object space 287744K, 62% used [0x00000000c3000000,0x00000000cdf494f0,0x00000000d4900000)
 Metaspace       used 8479K, capacity 8704K, committed 8960K, reserved 1056768K
  class space    used 908K, capacity 970K, committed 1024K, reserved 1048576K
Event: 45.696 GC heap after
Heap after GC invocations=23 (full 5):
 PSYoungGen      total 166400K, used 66422K [0x00000000ebb00000, 0x00000000fc280000, 0x0000000100000000)
  eden space 86016K, 0% used [0x00000000ebb00000,0x00000000ebb00000,0x00000000f0f00000)
  from space 80384K, 82% used [0x00000000f6400000,0x00000000fa4dda00,0x00000000fb280000)
  to   space 87040K, 0% used [0x00000000f0f00000,0x00000000f0f00000,0x00000000f6400000)
 ParOldGen       total 287744K, used 185076K [0x00000000c3000000, 0x00000000d4900000, 0x00000000ebb00000)
  object space 287744K, 64% used [0x00000000c3000000,0x00000000ce4bd350,0x00000000d4900000)
 Metaspace       used 8479K, capacity 8704K, committed 8960K, reserved 1056768K
  class space    used 908K, capacity 970K, committed 1024K, reserved 1048576K
}
Event: 46.996 GC heap before
{Heap before GC invocations=24 (full 5):
 PSYoungGen      total 166400K, used 152438K [0x00000000ebb00000, 0x00000000fc280000, 0x0000000100000000)
  eden space 86016K, 100% used [0x00000000ebb00000,0x00000000f0f00000,0x00000000f0f00000)
  from space 80384K, 82% used [0x00000000f6400000,0x00000000fa4dda00,0x00000000fb280000)
  to   space 87040K, 0% used [0x00000000f0f00000,0x00000000f0f00000,0x00000000f6400000)
 ParOldGen       total 287744K, used 185076K [0x00000000c3000000, 0x00000000d4900000, 0x00000000ebb00000)
  object space 287744K, 64% used [0x00000000c3000000,0x00000000ce4bd350,0x00000000d4900000)
 Metaspace       used 8479K, capacity 8704K, committed 8960K, reserved 1056768K
  class space    used 908K, capacity 970K, committed 1024K, reserved 1048576K
Event: 47.041 GC heap after
Heap after GC invocations=24 (full 5):
 PSYoungGen      total 173056K, used 86894K [0x00000000ebb00000, 0x00000000feb00000, 0x0000000100000000)
  eden space 86016K, 0% used [0x00000000ebb00000,0x00000000ebb00000,0x00000000f0f00000)
  from space 87040K, 99% used [0x00000000f0f00000,0x00000000f63dba80,0x00000000f6400000)
  to   space 99840K, 0% used [0x00000000f8980000,0x00000000f8980000,0x00000000feb00000)
 ParOldGen       total 287744K, used 216883K [0x00000000c3000000, 0x00000000d4900000, 0x00000000ebb00000)
  object space 287744K, 75% used [0x00000000c3000000,0x00000000d03ccd90,0x00000000d4900000)
 Metaspace       used 8479K, capacity 8704K, committed 8960K, reserved 1056768K
  class space    used 908K, capacity 970K, committed 1024K, reserved 1048576K
}
Event: 47.061 GC heap before
{Heap before GC invocations=25 (full 5):
 PSYoungGen      total 173056K, used 172910K [0x00000000ebb00000, 0x00000000feb00000, 0x0000000100000000)
  eden space 86016K, 100% used [0x00000000ebb00000,0x00000000f0f00000,0x00000000f0f00000)
  from space 87040K, 99% used [0x00000000f0f00000,0x00000000f63dba80,0x00000000f6400000)
  to   space 99840K, 0% used [0x00000000f8980000,0x00000000f8980000,0x00000000feb00000)
 ParOldGen       total 287744K, used 216883K [0x00000000c3000000, 0x00000000d4900000, 0x00000000ebb00000)
  object space 287744K, 75% used [0x00000000c3000000,0x00000000d03ccd90,0x00000000d4900000)
 Metaspace       used 8479K, capacity 8704K, committed 8960K, reserved 1056768K
  class space    used 908K, capacity 970K, committed 1024K, reserved 1048576K
Event: 78.927 GC heap after
Heap after GC invocations=25 (full 5):
 PSYoungGen      total 201216K, used 86752K [0x00000000ebb00000, 0x0000000100000000, 0x0000000100000000)
  eden space 101376K, 0% used [0x00000000ebb00000,0x00000000ebb00000,0x00000000f1e00000)
  from space 99840K, 86% used [0x00000000f8980000,0x00000000fde38000,0x00000000feb00000)
  to   space 110080K, 0% used [0x00000000f1e00000,0x00000000f1e00000,0x00000000f8980000)
 ParOldGen       total 303616K, used 303531K [0x00000000c3000000, 0x00000000d5880000, 0x00000000ebb00000)
  object space 303616K, 99% used [0x00000000c3000000,0x00000000d586af90,0x00000000d5880000)
 Metaspace       used 8479K, capacity 8704K, committed 8960K, reserved 1056768K
  class space    used 908K, capacity 970K, committed 1024K, reserved 1048576K
}
Event: 78.927 GC heap before
{Heap before GC invocations=26 (full 6):
 PSYoungGen      total 201216K, used 86752K [0x00000000ebb00000, 0x0000000100000000, 0x0000000100000000)
  eden space 101376K, 0% used [0x00000000ebb00000,0x00000000ebb00000,0x00000000f1e00000)
  from space 99840K, 86% used [0x00000000f8980000,0x00000000fde38000,0x00000000feb00000)
  to   space 110080K, 0% used [0x00000000f1e00000,0x00000000f1e00000,0x00000000f8980000)
 ParOldGen       total 303616K, used 303531K [0x00000000c3000000, 0x00000000d5880000, 0x00000000ebb00000)
  object space 303616K, 99% used [0x00000000c3000000,0x00000000d586af90,0x00000000d5880000)
 Metaspace       used 8479K, capacity 8704K, committed 8960K, reserved 1056768K
  class space    used 908K, capacity 970K, committed 1024K, reserved 1048576K

